[2014-11-18 16:35:05.370] [INFO] crash-log - [32m[e:\pomelo\zgz\game-server\node_modules\pomelo\lib\master\master.js] [39m[client],[pomelo_list_1416299644688],[1416299705370],[disconnect]
[2014-11-18 16:52:04.994] [INFO] crash-log - [32m[e:\pomelo\zgz\game-server\node_modules\pomelo\lib\master\master.js] [39m[client],[pomelo_list_1416300664522],[1416300724994],[disconnect]
[2014-11-26 16:50:26.700] [INFO] crash-log - [32m[e:\pomelo\zgz\game-server\node_modules\pomelo\lib\master\master.js] [39m[client],[pomelo_list_1416991765904],[1416991826700],[disconnect]
[2014-11-27 16:20:05.425] [INFO] crash-log - [32m[e:\pomelo\zgz\game-server\node_modules\pomelo\lib\master\master.js] [39m[gate],[gate-server-1],[1417076405425],[disconnect]
[2014-12-04 11:11:00.243] [INFO] crash-log - [32m[e:\pomelo\zgz\game-server\node_modules\pomelo\lib\master\master.js] [39m[manager],[manager-server-1],[1417662660243],[disconnect]
[2014-12-04 11:12:00.255] [INFO] crash-log - [32m[e:\pomelo\zgz\game-server\node_modules\pomelo\lib\master\master.js] [39m[game],[game-server-1],[1417662720255],[disconnect]
[2014-12-04 11:14:30.280] [INFO] crash-log - [32m[e:\pomelo\zgz\game-server\node_modules\pomelo\lib\master\master.js] [39m[manager],[manager-server-1],[1417662870280],[disconnect]
[2014-12-04 11:20:29.205] [INFO] crash-log - [32m[e:\pomelo\zgz\game-server\node_modules\pomelo\lib\master\master.js] [39m[manager],[manager-server-1],[1417663229205],[disconnect]
[2014-12-04 11:37:11.998] [INFO] crash-log - [32m[e:\pomelo\zgz\game-server\node_modules\pomelo\lib\master\master.js] [39m[manager],[manager-server-1],[1417664231998],[disconnect]
[2014-12-04 11:38:12.006] [INFO] crash-log - [32m[e:\pomelo\zgz\game-server\node_modules\pomelo\lib\master\master.js] [39m[game],[game-server-1],[1417664292006],[disconnect]
[2014-12-04 11:40:52.784] [INFO] crash-log - [32m[e:\pomelo\zgz\game-server\node_modules\pomelo\lib\master\master.js] [39m[manager],[manager-server-1],[1417664452784],[disconnect]
[2014-12-04 12:46:51.998] [INFO] crash-log - [32m[e:\pomelo\zgz\game-server\node_modules\pomelo\lib\master\master.js] [39m[manager],[manager-server-1],[1417668411998],[disconnect]
[2014-12-04 12:47:52.007] [INFO] crash-log - [32m[e:\pomelo\zgz\game-server\node_modules\pomelo\lib\master\master.js] [39m[game],[game-server-1],[1417668472007],[disconnect]
[2014-12-04 13:33:58.765] [INFO] crash-log - [32m[e:\pomelo\zgz\game-server\node_modules\pomelo\lib\master\master.js] [39m[manager],[manager-server-1],[1417671238765],[disconnect]
[2014-12-04 13:34:58.774] [INFO] crash-log - [32m[e:\pomelo\zgz\game-server\node_modules\pomelo\lib\master\master.js] [39m[game],[game-server-1],[1417671298774],[disconnect]
[2014-12-04 13:59:08.128] [INFO] crash-log - [32m[e:\pomelo\zgz\game-server\node_modules\pomelo\lib\master\master.js] [39m[manager],[manager-server-1],[1417672748128],[disconnect]
[2014-12-04 14:21:36.590] [INFO] crash-log - [32m[e:\pomelo\zgz\game-server\node_modules\pomelo\lib\master\master.js] [39m[game],[game-server-1],[1417674096590],[disconnect]
[2014-12-04 14:22:36.607] [INFO] crash-log - [32m[e:\pomelo\zgz\game-server\node_modules\pomelo\lib\master\master.js] [39m[connector],[connector-server-1],[1417674156607],[disconnect]
[2014-12-04 14:52:39.250] [INFO] crash-log - [32m[e:\pomelo\zgz\game-server\node_modules\pomelo\lib\master\master.js] [39m[game],[game-server-1],[1417675959250],[disconnect]
[2014-12-04 17:55:14.886] [INFO] crash-log - [32m[e:\pomelo\zgz\game-server\node_modules\pomelo\lib\master\master.js] [39m[manager],[manager-server-1],[1417686914886],[disconnect]
[2014-12-04 18:00:21.560] [INFO] crash-log - [32m[e:\pomelo\zgz\game-server\node_modules\pomelo\lib\master\master.js] [39m[manager],[manager-server-1],[1417687221559],[disconnect]
[2014-12-04 18:01:21.561] [INFO] crash-log - [32m[e:\pomelo\zgz\game-server\node_modules\pomelo\lib\master\master.js] [39m[game],[game-server-1],[1417687281561],[disconnect]
[2014-12-05 18:43:10.512] [INFO] crash-log - [32m[e:\pomelo\zgz\game-server\node_modules\pomelo\lib\master\master.js] [39m[master],[master-server-1],[1417776190512],[disconnect]
[2014-12-05 18:43:10.516] [INFO] crash-log - [32m[e:\pomelo\zgz\game-server\node_modules\pomelo\lib\master\master.js] [39m[gate],[gate-server-1],[1417776190516],[disconnect]
[2014-12-05 18:43:10.528] [INFO] crash-log - [32m[e:\pomelo\zgz\game-server\node_modules\pomelo\lib\master\master.js] [39m[auth],[auth-server-1],[1417776190528],[disconnect]
[2014-12-05 18:43:10.544] [INFO] crash-log - [32m[e:\pomelo\zgz\game-server\node_modules\pomelo\lib\master\master.js] [39m[manager],[manager-server-1],[1417776190544],[disconnect]
[2014-12-05 18:43:10.561] [INFO] crash-log - [32m[e:\pomelo\zgz\game-server\node_modules\pomelo\lib\master\master.js] [39m[connector],[connector-server-1],[1417776190561],[disconnect]
[2014-12-05 18:43:10.568] [INFO] crash-log - [32m[e:\pomelo\zgz\game-server\node_modules\pomelo\lib\master\master.js] [39m[game],[game-server-1],[1417776190568],[disconnect]
[2014-12-05 18:43:10.630] [INFO] crash-log - [32m[e:\pomelo\zgz\game-server\node_modules\pomelo\lib\master\master.js] [39m[chat],[chat-server-1],[1417776190630],[disconnect]
[2014-12-06 01:05:16.558] [INFO] crash-log - [32m[e:\pomelo\zgz\game-server\node_modules\pomelo\lib\master\master.js] [39m[gate],[gate-server-1],[1417799116558],[disconnect]
[2014-12-06 01:05:16.560] [INFO] crash-log - [32m[e:\pomelo\zgz\game-server\node_modules\pomelo\lib\master\master.js] [39m[chat],[chat-server-1],[1417799116560],[disconnect]
[2014-12-06 01:05:16.565] [INFO] crash-log - [32m[e:\pomelo\zgz\game-server\node_modules\pomelo\lib\master\master.js] [39m[manager],[manager-server-1],[1417799116565],[disconnect]
[2014-12-06 01:05:16.566] [INFO] crash-log - [32m[e:\pomelo\zgz\game-server\node_modules\pomelo\lib\master\master.js] [39m[game],[game-server-1],[1417799116566],[disconnect]
[2014-12-06 01:05:16.567] [INFO] crash-log - [32m[e:\pomelo\zgz\game-server\node_modules\pomelo\lib\master\master.js] [39m[master],[master-server-1],[1417799116567],[disconnect]
[2014-12-06 01:05:16.572] [INFO] crash-log - [32m[e:\pomelo\zgz\game-server\node_modules\pomelo\lib\master\master.js] [39m[connector],[connector-server-1],[1417799116572],[disconnect]
[2014-12-06 01:05:16.576] [INFO] crash-log - [32m[e:\pomelo\zgz\game-server\node_modules\pomelo\lib\master\master.js] [39m[auth],[auth-server-1],[1417799116576],[disconnect]
[2014-12-08 09:43:34.579] [INFO] crash-log - [32m[e:\pomelo\zgz\game-server\node_modules\pomelo\lib\master\master.js] [39m[gate],[gate-server-1],[1418003014579],[disconnect]
[2014-12-08 09:43:34.580] [INFO] crash-log - [32m[e:\pomelo\zgz\game-server\node_modules\pomelo\lib\master\master.js] [39m[manager],[manager-server-1],[1418003014580],[disconnect]
[2014-12-08 09:43:34.581] [INFO] crash-log - [32m[e:\pomelo\zgz\game-server\node_modules\pomelo\lib\master\master.js] [39m[chat],[chat-server-1],[1418003014581],[disconnect]
[2014-12-08 09:43:45.430] [INFO] crash-log - [32m[e:\pomelo\zgz\game-server\node_modules\pomelo\lib\master\master.js] [39m[connector],[connector-server-1],[1418003014582],[disconnect]
[2014-12-08 09:43:45.432] [INFO] crash-log - [32m[e:\pomelo\zgz\game-server\node_modules\pomelo\lib\master\master.js] [39m[game],[game-server-1],[1418003025432],[disconnect]
[2014-12-08 09:43:45.432] [INFO] crash-log - [32m[e:\pomelo\zgz\game-server\node_modules\pomelo\lib\master\master.js] [39m[auth],[auth-server-1],[1418003025432],[disconnect]
[2014-12-08 09:43:45.433] [INFO] crash-log - [32m[e:\pomelo\zgz\game-server\node_modules\pomelo\lib\master\master.js] [39m[master],[master-server-1],[1418003025433],[disconnect]
[2015-04-18 19:09:56.848] [INFO] crash-log - [32m[e:\github\zgz\game-server\node_modules\pomelo\lib\master\master.js] [39m[manager],[manager-server-1],[1429355396848],[disconnect]
[2015-04-18 19:09:56.856] [INFO] crash-log - [32m[e:\github\zgz\game-server\node_modules\pomelo\lib\master\master.js] [39m[master],[master-server-1],[1429355396856],[disconnect]
[2015-04-18 19:09:56.858] [INFO] crash-log - [32m[e:\github\zgz\game-server\node_modules\pomelo\lib\master\master.js] [39m[auth],[auth-server-1],[1429355396858],[disconnect]
[2015-04-18 19:09:56.859] [INFO] crash-log - [32m[e:\github\zgz\game-server\node_modules\pomelo\lib\master\master.js] [39m[chat],[chat-server-1],[1429355396859],[disconnect]
[2015-04-18 19:09:56.861] [INFO] crash-log - [32m[e:\github\zgz\game-server\node_modules\pomelo\lib\master\master.js] [39m[gate],[gate-server-1],[1429355396861],[disconnect]
[2015-04-18 19:09:56.862] [INFO] crash-log - [32m[e:\github\zgz\game-server\node_modules\pomelo\lib\master\master.js] [39m[connector],[connector-server-1],[1429355396862],[disconnect]
[2015-04-18 19:09:56.863] [INFO] crash-log - [32m[e:\github\zgz\game-server\node_modules\pomelo\lib\master\master.js] [39m[game],[game-server-1],[1429355396863],[disconnect]
[2015-04-18 19:10:57.408] [INFO] crash-log - [32m[e:\github\zgz\game-server\node_modules\pomelo\lib\master\master.js] [39m[manager],[manager-server-1],[1429355457408],[disconnect]
